mktextfm tex-gyre-math/OT
mktextfm tex-gyre-math/OT
mktextfm tex-gyre-math/OT
mktextfm tex-gyre-math/B/OT
mktextfm tex-gyre-math/OT
mktextfm tex-gyre-math/OT
mktextfm tex-gyre-math/OT
mktextfm tex-gyre-math/OT
mktextfm tex-gyre-math/OT
mktextfm tex-gyre-math/OT
mktextfm tex-gyre-math/B/OT
mktextfm tex-gyre-math/OT
mktextfm tex-gyre-math/OT
mktextfm tex-gyre-math/OT
mktextfm tex-gyre-math/OT
mktextfm tex-gyre-math/OT
mktextfm tex-gyre-math/OT
mktextfm tex-gyre-math/OT
mktextfm tex-gyre-math/OT
mktextfm tex-gyre-math/B/OT
mktextfm tex-gyre-math/OT
mktextfm tex-gyre-math/OT
mktextfm tex-gyre-math/OT
mktextfm tex-gyre-math/OT
mktextfm tex-gyre-math/OT
mktextfm tex-gyre-math/OT
mktextfm tex-gyre-math/B/OT
mktextfm tex-gyre-math/OT
mktextfm tex-gyre-math/OT
mktextfm tex-gyre-math/OT
mktextfm tex-gyre-math/OT
mktextfm tex-gyre-math/OT
mktextfm tex-gyre-math/OT
mktextfm tex-gyre-math/OT
mktextfm tex-gyre-math/OT
mktextfm tex-gyre-math/B/OT
mktextfm tex-gyre-math/OT
mktextfm tex-gyre-math/OT
mktextfm tex-gyre-math/OT
mktextfm tex-gyre-math/OT
mktextfm tex-gyre-math/OT
mktextfm tex-gyre-math/OT
mktextfm tex-gyre-math/B/OT
mktextfm tex-gyre-math/OT
mktextfm tex-gyre-math/OT
mktextfm tex-gyre-math/OT
mktextfm tex-gyre-math/OT
mktextfm tex-gyre-math/OT
mktextfm tex-gyre-math/OT
mktextfm tex-gyre-math/OT
mktextfm tex-gyre-math/OT
mktextfm tex-gyre-math/B/OT
mktextfm tex-gyre-math/OT
mktextfm tex-gyre-math/OT
mktextfm tex-gyre-math/OT
mktextfm tex-gyre-math/OT
mktextfm tex-gyre-math/OT
mktextfm tex-gyre-math/OT
mktextfm tex-gyre-math/B/OT
mktextfm tex-gyre-math/OT
mktextfm tex-gyre-math/OT
mktextfm tex-gyre-math/OT
mktextfm tex-gyre-math/OT
mktextfm tex-gyre-math/OT
mktextfm tex-gyre-math
mktextfm tex-gyre-math
mktextfm tex-gyre-math
mktextfm tex-gyre-math/BI
mktextfm tex-gyre-math
mktextfm tex-gyre-math/B
mktextfm tex-gyre-math
mktextfm tex-gyre-math/I
mktextfm tex-gyre-math
mktextfm tex-gyre-math
mktextfm tex-gyre-math
mktextfm tex-gyre-math
mktextfm tex-gyre-math
mktextfm tex-gyre-math/BI
mktextfm tex-gyre-math
mktextfm tex-gyre-math/B
mktextfm tex-gyre-math
mktextfm tex-gyre-math/I
mktextfm tex-gyre-math
mktextfm tex-gyre-math
mktextfm tex-gyre-math
mktextfm tex-gyre-math
mktextfm tex-gyre-math
mktextfm tex-gyre-math
mktextfm tex-gyre-math
mktextfm tex-gyre-math
mktextfm tex-gyre-math
mktextfm tex-gyre-math
mktextfm tex-gyre-math
mktextfm tex-gyre-math
mktextfm tex-gyre-math
mktextfm tex-gyre-math
mktextfm tex-gyre-math
mktextfm tex-gyre-math
mktextfm tex-gyre-math
mktextfm tex-gyre-math
mktextfm tex-gyre-math/BI
mktextfm tex-gyre-math
mktextfm tex-gyre-math/B
mktextfm tex-gyre-math
mktextfm tex-gyre-math/I
mktextfm tex-gyre-math
mktextfm tex-gyre-math
mktextfm tex-gyre-math
mktextfm tex-gyre-math
mktextfm tex-gyre-math
mktextfm tex-gyre-math/BI
mktextfm tex-gyre-math
mktextfm tex-gyre-math/B
mktextfm tex-gyre-math
mktextfm tex-gyre-math/I
mktextfm tex-gyre-math
mktextfm tex-gyre-math
mktextfm tex-gyre-math
mktextfm tex-gyre-math
mktextfm tex-gyre-math
mktextfm tex-gyre-math
mktextfm tex-gyre-math
mktextfm tex-gyre-math
mktextfm tex-gyre-math
mktextfm tex-gyre-math
mktextfm tex-gyre-math
mktextfm tex-gyre-math
mktextfm tex-gyre-math
mktextfm tex-gyre-math
mktextfm tex-gyre-math
mktextfm tex-gyre-math
mktextfm tex-gyre-math
mktextfm tex-gyre-math
mktextfm tex-gyre-math/BI
mktextfm tex-gyre-math
mktextfm tex-gyre-math/B
mktextfm tex-gyre-math
mktextfm tex-gyre-math/I
mktextfm tex-gyre-math
mktextfm tex-gyre-math
mktextfm tex-gyre-math
mktextfm tex-gyre-math
mktextfm tex-gyre-math
mktextfm tex-gyre-math/BI
mktextfm tex-gyre-math
mktextfm tex-gyre-math/B
mktextfm tex-gyre-math
mktextfm tex-gyre-math/I
mktextfm tex-gyre-math
mktextfm tex-gyre-math
mktextfm tex-gyre-math
mktextfm tex-gyre-math
mktextfm tex-gyre-math
mktextfm tex-gyre-math
mktextfm tex-gyre-math
mktextfm tex-gyre-math
mktextfm tex-gyre-math
mktextfm tex-gyre-math
mktextfm tex-gyre-math
mktextfm tex-gyre-math
mktextfm tex-gyre-math
mktextfm tex-gyre-math
mktextfm tex-gyre-math
